<?xml version="1.0" encoding="UTF-8"?>
<robot generator="Robot 6.1.1 (Python 3.10.12 on linux)" generated="20231117 23:37:17.793" rpa="false" schemaversion="4">
<suite id="s1" name="Tests" source="/home/joosef/ohtu/viikko3/web-login/src/tests">
<suite id="s1-s1" name="Login" source="/home/joosef/ohtu/viikko3/web-login/src/tests/login.robot">
<kw name="Open And Configure Browser" library="resource" type="SETUP">
<kw name="Evaluate" library="BuiltIn">
<var>${options}</var>
<arg>sys.modules['selenium.webdriver'].FirefoxOptions()</arg>
<arg>sys</arg>
<doc>Evaluates the given expression in Python and returns the result.</doc>
<msg timestamp="20231117 23:37:18.081" level="INFO">${options} = &lt;selenium.webdriver.firefox.options.Options object at 0x7fbbecbb1bd0&gt;</msg>
<status status="PASS" starttime="20231117 23:37:18.081" endtime="20231117 23:37:18.081"/>
</kw>
<kw name="Call Method" library="BuiltIn">
<arg>${options}</arg>
<arg>add_argument</arg>
<arg>--no-sandbox</arg>
<doc>Calls the named method of the given object with the provided arguments.</doc>
<status status="PASS" starttime="20231117 23:37:18.081" endtime="20231117 23:37:18.081"/>
</kw>
<kw name="Open Browser" library="SeleniumLibrary">
<arg>browser=chrome</arg>
<arg>options=${options}</arg>
<doc>Opens a new browser instance to the optional ``url``.</doc>
<msg timestamp="20231117 23:37:18.082" level="INFO">Opening browser 'chrome' to base url 'None'.</msg>
<status status="PASS" starttime="20231117 23:37:18.082" endtime="20231117 23:37:21.960"/>
</kw>
<kw name="Set Selenium Speed" library="SeleniumLibrary">
<arg>${DELAY}</arg>
<doc>Sets the delay that is waited after each Selenium command.</doc>
<status status="PASS" starttime="20231117 23:37:21.960" endtime="20231117 23:37:21.960"/>
</kw>
<status status="PASS" starttime="20231117 23:37:18.081" endtime="20231117 23:37:21.960"/>
</kw>
<test id="s1-s1-t1" name="Login With Correct Credentials" line="8">
<kw name="Create User And Go To Login Page" type="SETUP">
<kw name="Create User" library="AppLibrary">
<arg>kalle</arg>
<arg>kalle123</arg>
<status status="PASS" starttime="20231117 23:37:21.961" endtime="20231117 23:37:21.970"/>
</kw>
<kw name="Go To Login Page" library="resource">
<kw name="Go To" library="SeleniumLibrary">
<arg>${LOGIN_URL}</arg>
<doc>Navigates the current browser window to the provided ``url``.</doc>
<msg timestamp="20231117 23:37:21.971" level="INFO">Opening url 'http://localhost:5001/login'</msg>
<status status="PASS" starttime="20231117 23:37:21.971" endtime="20231117 23:37:22.549"/>
</kw>
<status status="PASS" starttime="20231117 23:37:21.970" endtime="20231117 23:37:22.550"/>
</kw>
<kw name="Login Page Should Be Open" library="resource">
<kw name="Title Should Be" library="SeleniumLibrary">
<arg>Login</arg>
<doc>Verifies that the current page title equals ``title``.</doc>
<msg timestamp="20231117 23:37:23.053" level="INFO">Page title is 'Login'.</msg>
<status status="PASS" starttime="20231117 23:37:22.550" endtime="20231117 23:37:23.053"/>
</kw>
<status status="PASS" starttime="20231117 23:37:22.550" endtime="20231117 23:37:23.054"/>
</kw>
<status status="PASS" starttime="20231117 23:37:21.961" endtime="20231117 23:37:23.054"/>
</kw>
<kw name="Set Username">
<arg>kalle</arg>
<kw name="Input Text" library="SeleniumLibrary">
<arg>username</arg>
<arg>${username}</arg>
<doc>Types the given ``text`` into the text field identified by ``locator``.</doc>
<msg timestamp="20231117 23:37:23.059" level="INFO">Typing text 'kalle' into text field 'username'.</msg>
<status status="PASS" starttime="20231117 23:37:23.056" endtime="20231117 23:37:24.694"/>
</kw>
<status status="PASS" starttime="20231117 23:37:23.055" endtime="20231117 23:37:24.695"/>
</kw>
<kw name="Set Password">
<arg>kalle123</arg>
<kw name="Input Password" library="SeleniumLibrary">
<arg>password</arg>
<arg>${password}</arg>
<doc>Types the given password into the text field identified by ``locator``.</doc>
<msg timestamp="20231117 23:37:24.700" level="INFO">Typing password into text field 'password'.</msg>
<msg timestamp="20231117 23:37:25.723" level="INFO">Temporally setting log level to: NONE</msg>
<msg timestamp="20231117 23:37:26.246" level="INFO">Log level changed from NONE to INFO.</msg>
<status status="PASS" starttime="20231117 23:37:24.697" endtime="20231117 23:37:26.246"/>
</kw>
<status status="PASS" starttime="20231117 23:37:24.696" endtime="20231117 23:37:26.247"/>
</kw>
<kw name="Submit Credentials">
<kw name="Click Button" library="SeleniumLibrary">
<arg>Login</arg>
<doc>Clicks the button identified by ``locator``.</doc>
<msg timestamp="20231117 23:37:26.250" level="INFO">Clicking button 'Login'.</msg>
<status status="PASS" starttime="20231117 23:37:26.249" endtime="20231117 23:37:28.336"/>
</kw>
<status status="PASS" starttime="20231117 23:37:26.247" endtime="20231117 23:37:28.336"/>
</kw>
<kw name="Login Should Succeed">
<kw name="Main Page Should Be Open" library="resource">
<kw name="Title Should Be" library="SeleniumLibrary">
<arg>Ohtu Application main page</arg>
<doc>Verifies that the current page title equals ``title``.</doc>
<msg timestamp="20231117 23:37:28.847" level="INFO">Page title is 'Ohtu Application main page'.</msg>
<status status="PASS" starttime="20231117 23:37:28.339" endtime="20231117 23:37:28.847"/>
</kw>
<status status="PASS" starttime="20231117 23:37:28.338" endtime="20231117 23:37:28.848"/>
</kw>
<status status="PASS" starttime="20231117 23:37:28.337" endtime="20231117 23:37:28.848"/>
</kw>
<status status="PASS" starttime="20231117 23:37:21.961" endtime="20231117 23:37:28.849"/>
</test>
<test id="s1-s1-t2" name="Login With Incorrect Password" line="14">
<kw name="Create User And Go To Login Page" type="SETUP">
<kw name="Create User" library="AppLibrary">
<arg>kalle</arg>
<arg>kalle123</arg>
<status status="PASS" starttime="20231117 23:37:28.854" endtime="20231117 23:37:28.886"/>
</kw>
<kw name="Go To Login Page" library="resource">
<kw name="Go To" library="SeleniumLibrary">
<arg>${LOGIN_URL}</arg>
<doc>Navigates the current browser window to the provided ``url``.</doc>
<msg timestamp="20231117 23:37:28.890" level="INFO">Opening url 'http://localhost:5001/login'</msg>
<status status="PASS" starttime="20231117 23:37:28.888" endtime="20231117 23:37:29.464"/>
</kw>
<status status="PASS" starttime="20231117 23:37:28.887" endtime="20231117 23:37:29.465"/>
</kw>
<kw name="Login Page Should Be Open" library="resource">
<kw name="Title Should Be" library="SeleniumLibrary">
<arg>Login</arg>
<doc>Verifies that the current page title equals ``title``.</doc>
<msg timestamp="20231117 23:37:29.974" level="INFO">Page title is 'Login'.</msg>
<status status="PASS" starttime="20231117 23:37:29.466" endtime="20231117 23:37:29.974"/>
</kw>
<status status="PASS" starttime="20231117 23:37:29.465" endtime="20231117 23:37:29.975"/>
</kw>
<status status="PASS" starttime="20231117 23:37:28.852" endtime="20231117 23:37:29.975"/>
</kw>
<kw name="Set Username">
<arg>kalle</arg>
<kw name="Input Text" library="SeleniumLibrary">
<arg>username</arg>
<arg>${username}</arg>
<doc>Types the given ``text`` into the text field identified by ``locator``.</doc>
<msg timestamp="20231117 23:37:29.979" level="INFO">Typing text 'kalle' into text field 'username'.</msg>
<status status="PASS" starttime="20231117 23:37:29.977" endtime="20231117 23:37:31.548"/>
</kw>
<status status="PASS" starttime="20231117 23:37:29.976" endtime="20231117 23:37:31.548"/>
</kw>
<kw name="Set Password">
<arg>kalle456</arg>
<kw name="Input Password" library="SeleniumLibrary">
<arg>password</arg>
<arg>${password}</arg>
<doc>Types the given password into the text field identified by ``locator``.</doc>
<msg timestamp="20231117 23:37:31.552" level="INFO">Typing password into text field 'password'.</msg>
<msg timestamp="20231117 23:37:32.576" level="INFO">Temporally setting log level to: NONE</msg>
<msg timestamp="20231117 23:37:33.104" level="INFO">Log level changed from NONE to INFO.</msg>
<status status="PASS" starttime="20231117 23:37:31.550" endtime="20231117 23:37:33.104"/>
</kw>
<status status="PASS" starttime="20231117 23:37:31.549" endtime="20231117 23:37:33.105"/>
</kw>
<kw name="Submit Credentials">
<kw name="Click Button" library="SeleniumLibrary">
<arg>Login</arg>
<doc>Clicks the button identified by ``locator``.</doc>
<msg timestamp="20231117 23:37:33.110" level="INFO">Clicking button 'Login'.</msg>
<status status="PASS" starttime="20231117 23:37:33.108" endtime="20231117 23:37:35.231"/>
</kw>
<status status="PASS" starttime="20231117 23:37:33.106" endtime="20231117 23:37:35.231"/>
</kw>
<kw name="Login Should Fail With Message">
<arg>Invalid username or password</arg>
<kw name="Login Page Should Be Open" library="resource">
<kw name="Title Should Be" library="SeleniumLibrary">
<arg>Login</arg>
<doc>Verifies that the current page title equals ``title``.</doc>
<msg timestamp="20231117 23:37:35.736" level="INFO">Page title is 'Login'.</msg>
<status status="PASS" starttime="20231117 23:37:35.232" endtime="20231117 23:37:35.737"/>
</kw>
<status status="PASS" starttime="20231117 23:37:35.232" endtime="20231117 23:37:35.737"/>
</kw>
<kw name="Page Should Contain" library="SeleniumLibrary">
<arg>${message}</arg>
<doc>Verifies that current page contains ``text``.</doc>
<msg timestamp="20231117 23:37:36.758" level="INFO">Current page contains text 'Invalid username or password'.</msg>
<status status="PASS" starttime="20231117 23:37:35.738" endtime="20231117 23:37:36.758"/>
</kw>
<status status="PASS" starttime="20231117 23:37:35.231" endtime="20231117 23:37:36.759"/>
</kw>
<status status="PASS" starttime="20231117 23:37:28.851" endtime="20231117 23:37:36.759"/>
</test>
<kw name="Close Browser" library="SeleniumLibrary" type="TEARDOWN">
<doc>Closes the current browser.</doc>
<status status="PASS" starttime="20231117 23:37:36.763" endtime="20231117 23:37:37.930"/>
</kw>
<status status="PASS" starttime="20231117 23:37:17.822" endtime="20231117 23:37:37.931"/>
</suite>
<status status="PASS" starttime="20231117 23:37:17.793" endtime="20231117 23:37:37.933"/>
</suite>
<statistics>
<total>
<stat pass="2" fail="0" skip="0">All Tests</stat>
</total>
<tag>
</tag>
<suite>
<stat pass="2" fail="0" skip="0" id="s1" name="Tests">Tests</stat>
<stat pass="2" fail="0" skip="0" id="s1-s1" name="Login">Tests.Login</stat>
</suite>
</statistics>
<errors>
</errors>
</robot>
